Aligning contigs to reference...
	Aligning contigs to the reference
Filtering alignments...
Parsing coords...
Loading reference...
	Loaded [Wildtype]
	Total Regions: 1
	Total Region Length: 197394
Analyzing contigs...
CONTIG: NODE_1_length_762_cov_80.139107 (790bp)
Best alignment score: 790.0 (LEN: 790, IDY: 100.00), Total number of alignments: 3
		This contig has 3 significant alignments. [An ambiguously mapped contig]
		Using only first of these alignment (option --ambiguity-usage is set to "one"):
			Alignment: 41871 42660 | 1 790 | 790 790 | 100.0 | Wildtype NODE_1_length_762_cov_80.139107
			Skipping alignment 36525 37314 | 1 790 | 790 790 | 100.0 | Wildtype NODE_1_length_762_cov_80.139107
			Skipping alignment 35068 35857 | 790 1 | 790 790 | 100.0 | Wildtype NODE_1_length_762_cov_80.139107

CONTIG: NODE_2_length_34929_cov_15.659681 (34957bp)
Best alignment score: 34953.5 (LEN: 34957, IDY: 99.99), Total number of alignments: 1
		One align captures most of this contig: 139 35095 | 1 34957 | 34957 34957 | 99.99 | Wildtype NODE_2_length_34929_cov_15.659681

CONTIG: NODE_3_length_4582_cov_31.976648 (4610bp)
Best alignment score: 4609.1 (LEN: 4610, IDY: 99.98), Total number of alignments: 1
		One align captures most of this contig: 37287 41896 | 4610 1 | 4610 4610 | 99.98 | Wildtype NODE_3_length_4582_cov_31.976648

CONTIG: NODE_5_length_132112_cov_15.468088 (132140bp)
Best alignment score: 59615.0 (LEN: 59621, IDY: 99.99), Total number of alignments: 4
			Looking for the best set of alignments (out of 4 total alignments)
			The best set is below. Score: 131228.9, number of alignments: 4, unaligned bases: 136
		This contig is misassembled.
			Excluding internal overlap of size 1 between Alignment 1 and 2: 138541 141033 | 36531 34039 | 2493 2493 --> 138541 141032 | 36531 34040 | 2492 2492
			Real Alignment 1: 157749 191760 | 34039 28 | 34012 34012 | 99.98 | Wildtype NODE_5_length_132112_cov_15.468088
			  Extensive misassembly (relocation, inconsistency = 16716) between these two alignments
			Real Alignment 2: 138541 141032 | 36531 34040 | 2492 2492 | 99.88 | Wildtype NODE_5_length_132112_cov_15.468088
			  Extensive misassembly (inversion) between these two alignments
			Real Alignment 3: 102661 138540 | 36532 72410 | 35880 35879 | 99.97 | Wildtype NODE_5_length_132112_cov_15.468088
			  Extensive misassembly (inversion, scaffold gap is present) between these two alignments
			Real Alignment 4: 42875 102486 | 132140 72520 | 59612 59621 | 99.99 | Wildtype NODE_5_length_132112_cov_15.468088

CONTIG: NODE_7_length_5628_cov_15.916311 (5656bp)
Best alignment score: 5629.0 (LEN: 5629, IDY: 100.00), Total number of alignments: 1
		One align captures most of this contig: 191761 197389 | 5629 1 | 5629 5629 | 100.0 | Wildtype NODE_7_length_5628_cov_15.916311

Analyzing coverage...
Writing SNPs into /student/jkarravula/courses/bcb5250/week2-6lab/assembly_shortreads/reads/run_29/quast_results/results_2024_02_23_15_04_28/contigs_reports/minimap_output/contigs.used_snps

Analysis is finished!
Founded SNPs were written into /student/jkarravula/courses/bcb5250/week2-6lab/assembly_shortreads/reads/run_29/quast_results/results_2024_02_23_15_04_28/contigs_reports/minimap_output/contigs.used_snps

Results:
	Local Misassemblies: 0
	Misassemblies: 3
		Relocations: 1
		Translocations: 0
		Inversions: 2
	Scaffold gap extensive misassemblies: 0
	Scaffold gap local misassemblies: 0
	Misassembled Contigs: 1
	Misassembled Contig Bases: 132140
	Misassemblies Inter-Contig Overlap ("Extra" Aligned Bases): 0
Unaligned Contigs: 0 + 0 part
Half Unaligned Contigs with Misassemblies: 0
Unaligned Bases in Fully and Partially Unaligned Contigs: 0

Ambiguously Mapped Contigs: 1
Total Bases in Ambiguously Mapped Contigs: 790
"Extra" Aligned Bases in Ambiguously Mapped Contigs: 0
Note that --allow-ambiguity option was set to "one" and only first alignment per each of these contigs was used (there is no "extra" aligned bases).

	Covered Bases in Reference: 177956
	Raw Aligned Bases in Assembly: 177990
	Total Aligned Bases in Assembly (with "Extras"): 177990

	SNPs: 20
	Insertions: 13
	Deletions: 5

