/usr/local/bin/quast.py -r /public/ahnt/courses/bcb5250/assembly_shortreads/refs/bacterium.fna contigs.fa

Version: 5.2.0

System information:
  OS: Linux-4.18.0-513.11.1.el8_9.x86_64-x86_64-with-centos-8.9-Green_Obsidian (linux_64)
  Python version: 3.6.8
  CPUs number: 20

Started: 2024-02-23 13:29:31

Logging to /student/jkarravula/courses/bcb5250/week2-6lab/assembly_shortreads/reads/run_29/quast_results/results_2024_02_23_13_29_31/quast.log
NOTICE: Maximum number of threads is set to 5 (use --threads option to set it manually)

CWD: /student/jkarravula/courses/bcb5250/week2-6lab/assembly_shortreads/reads/run_29
Main parameters: 
  MODE: default, threads: 5, min contig length: 500, min alignment length: 65, min alignment IDY: 95.0, \
  ambiguity: one, min local misassembly length: 200, min extensive misassembly length: 1000

WARNING: Can't draw plots: python-matplotlib is missing or corrupted.

Reference:
  /public/ahnt/courses/bcb5250/assembly_shortreads/refs/bacterium.fna ==> bacterium

Contigs:
  Pre-processing...
  contigs.fa ==> contigs

2024-02-23 13:29:32
Running Basic statistics processor...
  Reference genome:
    bacterium.fna, length = 197394, num fragments = 1, GC % = 33.43
  Contig files: 
    contigs
  Calculating N50 and L50...
    contigs, N50 = 5811, L50 = 12, auN = 5721.4, Total length = 173920, GC % = 33.64, # N's per 100 kbp =  0.00
Done.

2024-02-23 13:29:34
Running Contig analyzer...
Compiling Minimap2 (details are in /usr/local/lib/python3.6/site-packages/quast_libs/minimap2/make.log and make.err)

[Errno 13] Permission denied: '/usr/local/lib/python3.6/site-packages/quast_libs/minimap2/make.log'
Traceback (most recent call last):
  File "/usr/local/bin/quast.py", line 309, in <module>
    return_code = main(sys.argv[1:])
  File "/usr/local/bin/quast.py", line 166, in main
    old_contigs_fpaths, qconfig.bed)
  File "/usr/local/lib/python3.6/site-packages/quast_libs/contigs_analyzer.py", line 256, in do
    success_compilation = compile_aligner(logger)
  File "/usr/local/lib/python3.6/site-packages/quast_libs/ca_utils/misc.py", line 58, in compile_aligner
    if compile_minimap(logger, only_clean=only_clean):
  File "/usr/local/lib/python3.6/site-packages/quast_libs/ca_utils/misc.py", line 52, in compile_minimap
    compile_tool('Minimap2', contig_aligner_dirpath, ['minimap2'], just_notice=False, logger=logger, only_clean=only_clean):
  File "/usr/local/lib/python3.6/site-packages/quast_libs/qutils.py", line 886, in compile_tool
    open(make_logs_basepath + '.log', 'w').close()
PermissionError: [Errno 13] Permission denied: '/usr/local/lib/python3.6/site-packages/quast_libs/minimap2/make.log'
